\BOOKMARK [0][-]{chapter*.1}{Abstract}{}% 1
\BOOKMARK [0][-]{chapter*.3}{Dedication}{}% 2
\BOOKMARK [0][-]{chapter*.4}{Acknowledgments}{}% 3
\BOOKMARK [0][-]{chapter.1}{Introduction}{}% 4
\BOOKMARK [0][-]{chapter.2}{Hosting}{}% 5
\BOOKMARK [1][-]{section.2.1}{Server Options}{chapter.2}% 6
\BOOKMARK [1][-]{section.2.2}{Containerization}{chapter.2}% 7
\BOOKMARK [2][-]{subsection.2.2.1}{Defining Containers}{section.2.2}% 8
\BOOKMARK [0][-]{chapter.3}{Database Creation}{}% 9
\BOOKMARK [1][-]{section.3.1}{Thesaurus}{chapter.3}% 10
\BOOKMARK [2][-]{subsection.3.1.1}{API Choice}{section.3.1}% 11
\BOOKMARK [2][-]{subsection.3.1.2}{Implementation}{section.3.1}% 12
\BOOKMARK [1][-]{section.3.2}{Lexicons}{chapter.3}% 13
\BOOKMARK [2][-]{subsection.3.2.1}{Methodology}{section.3.2}% 14
\BOOKMARK [2][-]{subsection.3.2.2}{Potential Downfalls}{section.3.2}% 15
\BOOKMARK [0][-]{chapter.4}{Backend}{}% 16
\BOOKMARK [1][-]{section.4.1}{Anatomy of an HTTP request}{chapter.4}% 17
\BOOKMARK [1][-]{section.4.2}{Lexicon API Creation}{chapter.4}% 18
\BOOKMARK [2][-]{subsection.4.2.1}{Unmarshaling JSON into Nested Structs in Golang}{section.4.2}% 19
\BOOKMARK [1][-]{section.4.3}{Writing Go Modules}{chapter.4}% 20
\BOOKMARK [0][-]{chapter.5}{Models}{}% 21
\BOOKMARK [1][-]{section.5.1}{Model Application Structure}{chapter.5}% 22
\BOOKMARK [2][-]{subsection.5.1.1}{Control Model \(Arbitrary Replacement\)}{section.5.1}% 23
\BOOKMARK [2][-]{subsection.5.1.2}{Base Scoring Model}{section.5.1}% 24
\BOOKMARK [2][-]{subsection.5.1.3}{Targeted Replacement Model}{section.5.1}% 25
\BOOKMARK [2][-]{subsection.5.1.4}{LDA Overview}{section.5.1}% 26
\BOOKMARK [2][-]{subsection.5.1.5}{Latent Dirichlet Allocation Scoring Model}{section.5.1}% 27
\BOOKMARK [2][-]{subsection.5.1.6}{LDA Model On Seeds}{section.5.1}% 28
\BOOKMARK [0][-]{chapter.6}{Frontend}{}% 29
\BOOKMARK [1][-]{section.6.1}{Why make a frontend?}{chapter.6}% 30
\BOOKMARK [2][-]{subsection.6.1.1}{Overview of our frontend}{section.6.1}% 31
\BOOKMARK [2][-]{subsection.6.1.2}{Configuration}{section.6.1}% 32
\BOOKMARK [1][-]{section.6.2}{Creating our Component Library}{chapter.6}% 33
\BOOKMARK [2][-]{subsection.6.2.1}{Different Kinds of Components}{section.6.2}% 34
\BOOKMARK [2][-]{subsection.6.2.2}{Our Components}{section.6.2}% 35
\BOOKMARK [2][-]{subsection.6.2.3}{Creating Our Documentation Renderer}{section.6.2}% 36
\BOOKMARK [1][-]{section.6.3}{Consuming the composition API}{chapter.6}% 37
\BOOKMARK [1][-]{section.6.4}{Making things pretty}{chapter.6}% 38
\BOOKMARK [1][-]{section.6.5}{Making things accessible}{chapter.6}% 39
\BOOKMARK [0][-]{chapter.7}{Experiment}{}% 40
\BOOKMARK [1][-]{section.7.1}{Experimental Design}{chapter.7}% 41
\BOOKMARK [2][-]{subsection.7.1.1}{Stats}{section.7.1}% 42
\BOOKMARK [1][-]{section.7.2}{Results}{chapter.7}% 43
\BOOKMARK [2][-]{subsection.7.2.1}{Comparison of groups}{section.7.2}% 44
\BOOKMARK [2][-]{subsection.7.2.2}{Error Analysis}{section.7.2}% 45
\BOOKMARK [0][-]{chapter.8}{Discussion}{}% 46
\BOOKMARK [1][-]{section.8.1}{Future Work}{chapter.8}% 47
\BOOKMARK [0][-]{section*.27}{Appendices}{}% 48
\BOOKMARK [0][-]{Appendix.1.A}{Database Schema}{}% 49
\BOOKMARK [1][-]{section.1.A.1}{Word Schema}{Appendix.1.A}% 50
\BOOKMARK [1][-]{section.1.A.2}{Senselevel Schema}{Appendix.1.A}% 51
\BOOKMARK [1][-]{section.1.A.3}{Affect-Intensity Schema}{Appendix.1.A}% 52
\BOOKMARK [1][-]{section.1.A.4}{VAD Schema}{Appendix.1.A}% 53
\BOOKMARK [1][-]{section.1.A.5}{Colour Schema}{Appendix.1.A}% 54
\BOOKMARK [0][-]{Appendix.1.B}{Experiment}{}% 55
\BOOKMARK [1][-]{section.1.B.1}{Oral Consent Script}{Appendix.1.B}% 56
\BOOKMARK [1][-]{section.1.B.2}{Baseline Questions}{Appendix.1.B}% 57
\BOOKMARK [1][-]{section.1.B.3}{Control Questions}{Appendix.1.B}% 58
\BOOKMARK [1][-]{section.1.B.4}{Experimental Questions}{Appendix.1.B}% 59
\BOOKMARK [1][-]{section.1.B.5}{Consent Form}{Appendix.1.B}% 60
\BOOKMARK [1][-]{section.1.B.6}{Debriefing Script}{Appendix.1.B}% 61
\BOOKMARK [1][-]{section.1.B.7}{Procedure}{Appendix.1.B}% 62
\BOOKMARK [1][-]{section.1.B.8}{Sproj Flyer}{Appendix.1.B}% 63
