\BOOKMARK [0][-]{chapter.1}{Backend}{}% 1
\BOOKMARK [1][-]{section.1.1}{What is a RESTful API and why do I Need One?}{chapter.1}% 2
\BOOKMARK [1][-]{section.1.2}{Anatomy of an HTTP request}{chapter.1}% 3
\BOOKMARK [1][-]{section.1.3}{Creating our API}{chapter.1}% 4
\BOOKMARK [1][-]{section.1.4}{Unmarshalling JSON into Nested Structs in Golang}{chapter.1}% 5
\BOOKMARK [1][-]{section.1.5}{Writing Go Modules}{chapter.1}% 6
\BOOKMARK [0][-]{chapter.2}{Frontend}{}% 7
\BOOKMARK [1][-]{section.2.1}{frontend stuff}{chapter.2}% 8
\BOOKMARK [0][-]{chapter.3}{Lexicons}{}% 9
\BOOKMARK [1][-]{section.3.1}{National Research Council Canada \(NRC\) Emotion Lexicon}{chapter.3}% 10
\BOOKMARK [2][-]{subsection.3.1.1}{IMPORTANT NOTE: remember to cite as per Terms of Use in their readme}{section.3.1}% 11
\BOOKMARK [2][-]{subsection.3.1.2}{Methodology}{section.3.1}% 12
\BOOKMARK [1][-]{section.3.2}{Our Representation}{chapter.3}% 13
\BOOKMARK [2][-]{subsection.3.2.1}{Word Level}{section.3.2}% 14
\BOOKMARK [2][-]{subsection.3.2.2}{Sense Level}{section.3.2}% 15
\BOOKMARK [2][-]{subsection.3.2.3}{Word-Sense Level}{section.3.2}% 16
\BOOKMARK [1][-]{section.3.3}{National Research Council Canada \(NRC\) Colour Lexicon}{chapter.3}% 17
\BOOKMARK [1][-]{section.3.4}{National Research Council Canada \(NRC\) Affect-Intensity Lexicon}{chapter.3}% 18
\BOOKMARK [1][-]{section.3.5}{National Research Council Canada \(NRC\) VAD Lexicon}{chapter.3}% 19
\BOOKMARK [0][-]{chapter.4}{Thesaurus}{}% 20
\BOOKMARK [1][-]{section.4.1}{Why do I need a thesaurus?}{chapter.4}% 21
\BOOKMARK [1][-]{section.4.2}{Why not use an existing API?}{chapter.4}% 22
\BOOKMARK [1][-]{section.4.3}{How did we do it?}{chapter.4}% 23
\BOOKMARK [2][-]{subsection.4.3.1}{Choosing a site}{section.4.3}% 24
\BOOKMARK [2][-]{subsection.4.3.2}{Scraping the site}{section.4.3}% 25
\BOOKMARK [0][-]{chapter.5}{Database}{}% 26
\BOOKMARK [1][-]{section.5.1}{What's all this then}{chapter.5}% 27
\BOOKMARK [1][-]{section.5.2}{Don't be root!}{chapter.5}% 28
\BOOKMARK [1][-]{section.5.3}{The big whale upstairs}{chapter.5}% 29
\BOOKMARK [2][-]{subsection.5.3.1}{Building My Containers \(Thesaurus\)}{section.5.3}% 30
